<?xml version="1.0" encoding="UTF-8"?>
<coverage generated="1774215002">
  <project timestamp="1774215002" name="Clover Coverage">
    <package name="MulerTech\Application">
      <file name="/app/src/Application.php">
        <class name="MulerTech\Application\Application" namespace="MulerTech\Application">
          <metrics complexity="5" methods="5" coveredmethods="5" conditionals="0" coveredconditionals="0" statements="5" coveredstatements="5" elements="10" coveredelements="10"/>
        </class>
        <line num="21" type="method" name="setContainer" visibility="public" complexity="1" crap="1" count="5"/>
        <line num="23" type="stmt" count="5"/>
        <line num="26" type="method" name="setUser" visibility="protected" complexity="1" crap="1" count="1"/>
        <line num="28" type="stmt" count="1"/>
        <line num="31" type="method" name="container" visibility="protected" complexity="1" crap="1" count="5"/>
        <line num="33" type="stmt" count="5"/>
        <line num="39" type="method" name="getUser" visibility="public" complexity="1" crap="1" count="1"/>
        <line num="41" type="stmt" count="1"/>
        <line num="44" type="method" name="userSet" visibility="public" complexity="1" crap="1" count="1"/>
        <line num="46" type="stmt" count="1"/>
        <metrics loc="49" ncloc="38" classes="1" methods="5" coveredmethods="5" conditionals="0" coveredconditionals="0" statements="5" coveredstatements="5" elements="10" coveredelements="10"/>
      </file>
      <file name="/app/src/Hub.php">
        <class name="MulerTech\Application\Hub" namespace="MulerTech\Application">
          <metrics complexity="9" methods="5" coveredmethods="5" conditionals="0" coveredconditionals="0" statements="24" coveredstatements="24" elements="29" coveredelements="29"/>
        </class>
        <line num="30" type="method" name="__construct" visibility="public" complexity="1" crap="1" count="5"/>
        <line num="32" type="stmt" count="5"/>
        <line num="40" type="method" name="run" visibility="public" complexity="3" crap="3" count="5"/>
        <line num="42" type="stmt" count="5"/>
        <line num="44" type="stmt" count="5"/>
        <line num="45" type="stmt" count="1"/>
        <line num="48" type="stmt" count="4"/>
        <line num="49" type="stmt" count="4"/>
        <line num="52" type="stmt" count="4"/>
        <line num="55" type="method" name="loadEnv" visibility="public" complexity="1" crap="1" count="1"/>
        <line num="57" type="stmt" count="1"/>
        <line num="58" type="stmt" count="1"/>
        <line num="64" type="method" name="loadConfig" visibility="public" complexity="1" crap="1" count="1"/>
        <line num="67" type="stmt" count="1"/>
        <line num="69" type="stmt" count="1"/>
        <line num="70" type="stmt" count="1"/>
        <line num="71" type="stmt" count="1"/>
        <line num="72" type="stmt" count="1"/>
        <line num="73" type="stmt" count="1"/>
        <line num="75" type="stmt" count="1"/>
        <line num="78" type="method" name="projectPath" visibility="public" complexity="3" crap="3" count="2"/>
        <line num="80" type="stmt" count="2"/>
        <line num="81" type="stmt" count="2"/>
        <line num="83" type="stmt" count="2"/>
        <line num="84" type="stmt" count="2"/>
        <line num="85" type="stmt" count="2"/>
        <line num="87" type="stmt" count="2"/>
        <line num="88" type="stmt" count="1"/>
        <line num="92" type="stmt" count="1"/>
        <metrics loc="95" ncloc="75" classes="1" methods="5" coveredmethods="5" conditionals="0" coveredconditionals="0" statements="24" coveredstatements="24" elements="29" coveredelements="29"/>
      </file>
      <file name="/app/src/RequestHandler.php">
        <class name="MulerTech\Application\RequestHandler" namespace="MulerTech\Application">
          <metrics complexity="7" methods="4" coveredmethods="4" conditionals="0" coveredconditionals="0" statements="16" coveredstatements="16" elements="20" coveredelements="20"/>
        </class>
        <line num="29" type="method" name="pipe" visibility="public" complexity="1" crap="1" count="4"/>
        <line num="31" type="stmt" count="4"/>
        <line num="33" type="stmt" count="4"/>
        <line num="40" type="method" name="handle" visibility="public" complexity="2" crap="2" count="4"/>
        <line num="42" type="stmt" count="4"/>
        <line num="43" type="stmt" count="4"/>
        <line num="44" type="stmt" count="2"/>
        <line num="47" type="stmt" count="4"/>
        <line num="50" type="method" name="getMiddleware" visibility="public" complexity="2" crap="2" count="1"/>
        <line num="52" type="stmt" count="1"/>
        <line num="54" type="stmt" count="1"/>
        <line num="55" type="stmt" count="1"/>
        <line num="57" type="stmt" count="1"/>
        <line num="60" type="stmt" count="1"/>
        <line num="67" type="method" name="getNextMiddleware" visibility="private" complexity="2" crap="2" count="4"/>
        <line num="69" type="stmt" count="4"/>
        <line num="70" type="stmt" count="4"/>
        <line num="71" type="stmt" count="4"/>
        <line num="73" type="stmt" count="4"/>
        <line num="76" type="stmt" count="2"/>
        <metrics loc="79" ncloc="60" classes="1" methods="4" coveredmethods="4" conditionals="0" coveredconditionals="0" statements="16" coveredstatements="16" elements="20" coveredelements="20"/>
      </file>
    </package>
    <metrics files="3" loc="223" ncloc="173" classes="3" methods="14" coveredmethods="14" conditionals="0" coveredconditionals="0" statements="45" coveredstatements="45" elements="59" coveredelements="59"/>
  </project>
</coverage>
