<?xml version="1.0" encoding="UTF-8"?>
<coverage generated="1736696143">
  <project timestamp="1736696143">
    <package name="MulerTech\Application">
      <file name="/var/www/html/src/Application.php">
        <class name="MulerTech\Application\Application" namespace="MulerTech\Application">
          <metrics complexity="5" methods="5" coveredmethods="5" conditionals="0" coveredconditionals="0" statements="5" coveredstatements="5" elements="10" coveredelements="10"/>
        </class>
        <line num="27" type="method" name="setContainer" visibility="public" complexity="1" crap="1" count="5"/>
        <line num="29" type="stmt" count="5"/>
        <line num="35" type="method" name="setUser" visibility="protected" complexity="1" crap="1" count="1"/>
        <line num="37" type="stmt" count="1"/>
        <line num="43" type="method" name="container" visibility="protected" complexity="1" crap="1" count="5"/>
        <line num="45" type="stmt" count="5"/>
        <line num="51" type="method" name="getUser" visibility="public" complexity="1" crap="1" count="1"/>
        <line num="53" type="stmt" count="1"/>
        <line num="59" type="method" name="userSet" visibility="public" complexity="1" crap="1" count="1"/>
        <line num="61" type="stmt" count="1"/>
        <metrics loc="64" ncloc="38" classes="1" methods="5" coveredmethods="5" conditionals="0" coveredconditionals="0" statements="5" coveredstatements="5" elements="10" coveredelements="10"/>
      </file>
      <file name="/var/www/html/src/Hub.php">
        <class name="MulerTech\Application\Hub" namespace="MulerTech\Application">
          <metrics complexity="9" methods="5" coveredmethods="5" conditionals="0" coveredconditionals="0" statements="31" coveredstatements="31" elements="36" coveredelements="36"/>
        </class>
        <line num="30" type="method" name="__construct" visibility="public" complexity="1" crap="1" count="5"/>
        <line num="32" type="stmt" count="5"/>
        <line num="41" type="method" name="run" visibility="public" complexity="3" crap="3" count="5"/>
        <line num="43" type="stmt" count="5"/>
        <line num="45" type="stmt" count="5"/>
        <line num="46" type="stmt" count="1"/>
        <line num="47" type="stmt" count="1"/>
        <line num="48" type="stmt" count="1"/>
        <line num="51" type="stmt" count="4"/>
        <line num="52" type="stmt" count="4"/>
        <line num="55" type="stmt" count="4"/>
        <line num="61" type="method" name="loadEnv" visibility="public" complexity="1" crap="1" count="1"/>
        <line num="63" type="stmt" count="1"/>
        <line num="64" type="stmt" count="1"/>
        <line num="72" type="method" name="loadConfig" visibility="public" complexity="1" crap="1" count="1"/>
        <line num="75" type="stmt" count="1"/>
        <line num="77" type="stmt" count="1"/>
        <line num="78" type="stmt" count="1"/>
        <line num="79" type="stmt" count="1"/>
        <line num="80" type="stmt" count="1"/>
        <line num="81" type="stmt" count="1"/>
        <line num="83" type="stmt" count="1"/>
        <line num="89" type="method" name="projectPath" visibility="public" complexity="3" crap="3" count="2"/>
        <line num="91" type="stmt" count="2"/>
        <line num="92" type="stmt" count="2"/>
        <line num="94" type="stmt" count="2"/>
        <line num="95" type="stmt" count="2"/>
        <line num="96" type="stmt" count="2"/>
        <line num="98" type="stmt" count="2"/>
        <line num="99" type="stmt" count="1"/>
        <line num="100" type="stmt" count="1"/>
        <line num="101" type="stmt" count="1"/>
        <line num="102" type="stmt" count="1"/>
        <line num="103" type="stmt" count="1"/>
        <line num="104" type="stmt" count="1"/>
        <line num="108" type="stmt" count="1"/>
        <metrics loc="112" ncloc="84" classes="1" methods="5" coveredmethods="5" conditionals="0" coveredconditionals="0" statements="31" coveredstatements="31" elements="36" coveredelements="36"/>
      </file>
      <file name="/var/www/html/src/RequestHandler.php">
        <class name="MulerTech\Application\RequestHandler" namespace="MulerTech\Application">
          <metrics complexity="7" methods="4" coveredmethods="4" conditionals="0" coveredconditionals="0" statements="16" coveredstatements="16" elements="20" coveredelements="20"/>
        </class>
        <line num="35" type="method" name="pipe" visibility="public" complexity="1" crap="1" count="4"/>
        <line num="37" type="stmt" count="4"/>
        <line num="38" type="stmt" count="4"/>
        <line num="46" type="method" name="handle" visibility="public" complexity="2" crap="2" count="4"/>
        <line num="48" type="stmt" count="4"/>
        <line num="49" type="stmt" count="4"/>
        <line num="50" type="stmt" count="2"/>
        <line num="52" type="stmt" count="4"/>
        <line num="59" type="method" name="getMiddleware" visibility="public" complexity="2" crap="2" count="1"/>
        <line num="61" type="stmt" count="1"/>
        <line num="63" type="stmt" count="1"/>
        <line num="64" type="stmt" count="1"/>
        <line num="65" type="stmt" count="1"/>
        <line num="68" type="stmt" count="1"/>
        <line num="76" type="method" name="getNextMiddleware" visibility="private" complexity="2" crap="2" count="4"/>
        <line num="78" type="stmt" count="4"/>
        <line num="79" type="stmt" count="4"/>
        <line num="80" type="stmt" count="4"/>
        <line num="81" type="stmt" count="4"/>
        <line num="83" type="stmt" count="2"/>
        <metrics loc="86" ncloc="56" classes="1" methods="4" coveredmethods="4" conditionals="0" coveredconditionals="0" statements="16" coveredstatements="16" elements="20" coveredelements="20"/>
      </file>
    </package>
    <metrics files="3" loc="262" ncloc="178" classes="3" methods="14" coveredmethods="14" conditionals="0" coveredconditionals="0" statements="52" coveredstatements="52" elements="66" coveredelements="66"/>
  </project>
</coverage>
